<?xml version="1.0" encoding="UTF-8"?>
<!-- Generated by org.testng.reporters.JUnitReportReporter -->
<testsuite skipped="0" hostname="DESKTOP-QATPTVT" name="com.jbk.Write_json" tests="1" failures="0" timestamp="06 Mar 2020 09:00:42 GMT" time="0.047" errors="0">
  <testcase name="test" time="0.047" classname="com.jbk.Write_json"/>
</testsuite> <!-- com.jbk.Write_json -->
