<?xml version="1.0" encoding="UTF-8"?>
<!-- Generated by org.testng.reporters.JUnitReportReporter -->
<testsuite skipped="0" hostname="DESKTOP-QATPTVT" name="com.jbk.update" tests="1" failures="0" timestamp="06 Mar 2020 17:09:59 GMT" time="0.046" errors="0">
  <testcase name="test01" time="0.046" classname="com.jbk.update"/>
</testsuite> <!-- com.jbk.update -->
